TN:
SF:app\index.js
FNF:0
FNH:0
DA:1,1
DA:2,1
DA:3,1
DA:4,1
DA:5,1
DA:6,1
DA:7,1
DA:8,1
DA:9,1
DA:10,1
DA:11,1
DA:12,1
DA:13,1
DA:14,1
DA:15,1
DA:16,1
LF:16
LH:16
BRF:0
BRH:0
end_of_record
TN:
SF:app\router.js
FN:19,apply
FNF:1
FNH:1
FNDA:9,apply
DA:1,1
DA:2,1
DA:3,1
DA:4,1
DA:5,1
DA:6,1
DA:7,1
DA:8,1
DA:9,1
DA:10,1
DA:11,1
DA:12,1
DA:13,1
DA:14,1
DA:15,1
DA:16,1
DA:17,1
DA:18,1
DA:19,9
DA:20,9
DA:21,9
DA:22,9
DA:23,9
DA:24,9
DA:25,9
DA:26,9
DA:27,9
DA:28,9
DA:29,9
DA:30,9
DA:31,9
DA:32,9
DA:33,9
DA:34,9
DA:35,9
DA:36,9
DA:37,9
DA:38,9
DA:39,9
DA:40,9
DA:41,9
DA:42,9
DA:43,9
DA:44,9
DA:45,9
DA:46,9
DA:47,9
DA:48,1
DA:49,1
DA:50,1
LF:50
LH:50
BRDA:19,0,0,9
BRF:1
BRH:1
end_of_record
TN:
SF:app\controllers\ApplicationController.js
FN:3,<instance_members_initializer>
FN:4,handleGetRoot
FN:11,handleNotFound
FN:23,handleError
FN:33,getOffsetFromRequest
FN:39,buildPaginationObject
FNF:6
FNH:6
FNDA:49,<instance_members_initializer>
FNDA:1,handleGetRoot
FNDA:1,handleNotFound
FNDA:9,handleError
FNDA:5,getOffsetFromRequest
FNDA:2,buildPaginationObject
DA:1,1
DA:2,1
DA:3,49
DA:4,49
DA:5,1
DA:6,1
DA:7,1
DA:8,1
DA:9,1
DA:10,49
DA:11,49
DA:12,1
DA:13,1
DA:14,1
DA:15,1
DA:16,1
DA:17,1
DA:18,1
DA:19,1
DA:20,1
DA:21,1
DA:22,49
DA:23,49
DA:24,9
DA:25,9
DA:26,9
DA:27,9
DA:28,9
DA:29,9
DA:30,9
DA:31,49
DA:32,49
DA:33,49
DA:34,5
DA:35,5
DA:36,5
DA:37,5
DA:38,49
DA:39,49
DA:40,2
DA:41,2
DA:42,2
DA:43,2
DA:44,2
DA:45,2
DA:46,2
DA:47,2
DA:48,2
DA:49,49
DA:50,1
DA:51,1
LF:51
LH:51
BRDA:3,0,0,49
BRDA:4,1,0,1
BRDA:11,2,0,1
BRDA:23,3,0,9
BRDA:33,4,0,5
BRDA:39,5,0,2
BRF:6
BRH:6
end_of_record
TN:
SF:app\controllers\AuthenticationController.js
FN:11,<instance_members_initializer>
FN:12,AuthenticationController
FN:31,authorize
FN:56,handleLogin
FN:91,handleRegister
FN:127,handleGetUser
FN:147,createTokenFromUser
FN:160,decodeToken
FN:164,encryptPassword
FN:168,verifyPassword
FNF:10
FNH:8
FNDA:19,<instance_members_initializer>
FNDA:19,AuthenticationController
FNDA:45,authorize
FNDA:9,handleLogin
FNDA:4,handleRegister
FNDA:0,handleGetUser
FNDA:0,createTokenFromUser
FNDA:4,decodeToken
FNDA:1,encryptPassword
FNDA:2,verifyPassword
DA:1,1
DA:2,1
DA:3,1
DA:4,1
DA:5,1
DA:6,1
DA:7,1
DA:8,1
DA:9,1
DA:10,1
DA:11,19
DA:12,19
DA:13,19
DA:14,19
DA:15,19
DA:16,19
DA:17,19
DA:18,19
DA:19,19
DA:20,19
DA:21,19
DA:22,19
DA:23,19
DA:24,19
DA:25,19
DA:26,19
DA:27,19
DA:28,19
DA:29,19
DA:30,19
DA:31,19
DA:32,45
DA:33,4
DA:34,4
DA:35,4
DA:36,4
DA:37,4
DA:38,4
DA:39,0
DA:40,0
DA:41,0
DA:42,0
DA:43,4
DA:44,4
DA:45,4
DA:46,4
DA:47,4
DA:48,4
DA:49,4
DA:50,4
DA:51,4
DA:52,4
DA:53,4
DA:54,45
DA:55,19
DA:56,19
DA:57,9
DA:58,9
DA:59,9
DA:60,9
DA:61,9
DA:62,9
DA:63,9
DA:64,3
DA:65,3
DA:66,1
DA:67,1
DA:68,1
DA:69,1
DA:70,2
DA:71,2
DA:72,2
DA:73,3
DA:74,1
DA:75,1
DA:76,1
DA:77,1
DA:78,1
DA:79,1
DA:80,1
DA:81,1
DA:82,1
DA:83,1
DA:84,1
DA:85,9
DA:86,9
DA:87,6
DA:88,6
DA:89,9
DA:90,19
DA:91,19
DA:92,4
DA:93,4
DA:94,4
DA:95,4
DA:96,4
DA:97,2
DA:98,2
DA:99,1
DA:100,1
DA:101,1
DA:102,1
DA:103,1
DA:104,1
DA:105,1
DA:106,1
DA:107,1
DA:108,1
DA:109,1
DA:110,1
DA:111,1
DA:112,1
DA:113,1
DA:114,1
DA:115,1
DA:116,1
DA:117,1
DA:118,1
DA:119,1
DA:120,1
DA:121,2
DA:122,2
DA:123,2
DA:124,2
DA:125,4
DA:126,19
DA:127,19
DA:128,0
DA:129,0
DA:130,0
DA:131,0
DA:132,0
DA:133,0
DA:134,0
DA:135,0
DA:136,0
DA:137,0
DA:138,0
DA:139,0
DA:140,0
DA:141,0
DA:142,0
DA:143,0
DA:144,0
DA:145,0
DA:146,19
DA:147,19
DA:148,0
DA:149,0
DA:150,0
DA:151,0
DA:152,0
DA:153,0
DA:154,0
DA:155,0
DA:156,0
DA:157,0
DA:158,0
DA:159,19
DA:160,19
DA:161,4
DA:162,4
DA:163,19
DA:164,19
DA:165,1
DA:166,1
DA:167,19
DA:168,19
DA:169,2
DA:170,2
DA:171,19
DA:172,1
DA:173,1
LF:173
LH:140
BRDA:11,0,0,19
BRDA:12,1,0,19
BRDA:31,2,0,45
BRDA:32,3,0,4
BRDA:34,4,0,3
BRDA:37,5,0,0
BRDA:38,6,0,0
BRDA:56,7,0,9
BRDA:63,8,0,3
BRDA:65,9,0,1
BRDA:69,10,0,2
BRDA:73,11,0,1
BRDA:86,12,0,6
BRDA:91,13,0,4
BRDA:96,14,0,2
BRDA:98,15,0,1
BRDA:160,16,0,4
BRDA:164,17,0,1
BRDA:168,18,0,2
BRF:19
BRH:17
end_of_record
TN:
SF:app\controllers\CarController.js
FN:7,<instance_members_initializer>
FN:8,CarController
FN:15,handleListCars
FN:31,handleGetCar
FN:37,handleCreateCar
FN:67,handleRentCar
FN:108,handleUpdateCar
FN:140,handleDeleteCar
FN:149,getCarFromRequest
FN:153,getListQueryFromRequest
FNF:10
FNH:6
FNDA:14,<instance_members_initializer>
FNDA:14,CarController
FNDA:1,handleListCars
FNDA:1,handleGetCar
FNDA:0,handleCreateCar
FNDA:0,handleRentCar
FNDA:0,handleUpdateCar
FNDA:0,handleDeleteCar
FNDA:1,getCarFromRequest
FNDA:2,getListQueryFromRequest
DA:1,1
DA:2,1
DA:3,1
DA:4,1
DA:5,1
DA:6,1
DA:7,14
DA:8,14
DA:9,14
DA:10,14
DA:11,14
DA:12,14
DA:13,14
DA:14,14
DA:15,14
DA:16,1
DA:17,1
DA:18,1
DA:19,1
DA:20,0
DA:21,0
DA:22,0
DA:23,0
DA:24,0
DA:25,0
DA:26,0
DA:27,0
DA:28,0
DA:29,0
DA:30,14
DA:31,14
DA:32,1
DA:33,0
DA:34,0
DA:35,0
DA:36,14
DA:37,14
DA:38,0
DA:39,0
DA:40,0
DA:41,0
DA:42,0
DA:43,0
DA:44,0
DA:45,0
DA:46,0
DA:47,0
DA:48,0
DA:49,0
DA:50,0
DA:51,0
DA:52,0
DA:53,0
DA:54,0
DA:55,0
DA:56,0
DA:57,0
DA:58,0
DA:59,0
DA:60,0
DA:61,0
DA:62,0
DA:63,0
DA:64,0
DA:65,0
DA:66,14
DA:67,14
DA:68,0
DA:69,0
DA:70,0
DA:71,0
DA:72,0
DA:73,0
DA:74,0
DA:75,0
DA:76,0
DA:77,0
DA:78,0
DA:79,0
DA:80,0
DA:81,0
DA:82,0
DA:83,0
DA:84,0
DA:85,0
DA:86,0
DA:87,0
DA:88,0
DA:89,0
DA:90,0
DA:91,0
DA:92,0
DA:93,0
DA:94,0
DA:95,0
DA:96,0
DA:97,0
DA:98,0
DA:99,0
DA:100,0
DA:101,0
DA:102,0
DA:103,0
DA:104,0
DA:105,0
DA:106,0
DA:107,14
DA:108,14
DA:109,0
DA:110,0
DA:111,0
DA:112,0
DA:113,0
DA:114,0
DA:115,0
DA:116,0
DA:117,0
DA:118,0
DA:119,0
DA:120,0
DA:121,0
DA:122,0
DA:123,0
DA:124,0
DA:125,0
DA:126,0
DA:127,0
DA:128,0
DA:129,0
DA:130,0
DA:131,0
DA:132,0
DA:133,0
DA:134,0
DA:135,0
DA:136,0
DA:137,0
DA:138,0
DA:139,14
DA:140,14
DA:141,0
DA:142,0
DA:143,0
DA:144,0
DA:145,0
DA:146,0
DA:147,0
DA:148,14
DA:149,14
DA:150,1
DA:151,1
DA:152,14
DA:153,14
DA:154,2
DA:155,2
DA:156,2
DA:157,2
DA:158,2
DA:159,2
DA:160,2
DA:161,2
DA:162,2
DA:163,2
DA:164,2
DA:165,2
DA:166,1
DA:167,1
DA:168,1
DA:169,1
DA:170,1
DA:171,1
DA:172,2
DA:173,2
DA:174,2
DA:175,2
DA:176,2
DA:177,2
DA:178,2
DA:179,2
DA:180,2
DA:181,2
DA:182,14
DA:183,1
DA:184,1
LF:184
LH:67
BRDA:7,0,0,14
BRDA:8,1,0,14
BRDA:15,2,0,1
BRDA:19,3,0,0
BRDA:31,4,0,1
BRDA:32,5,0,0
BRDA:149,6,0,1
BRDA:153,7,0,2
BRDA:164,8,0,1
BRDA:165,9,0,1
BRF:10
BRH:8
end_of_record
TN:
SF:app\controllers\index.js
FNF:0
FNH:0
DA:1,1
DA:2,1
DA:3,1
DA:4,1
DA:5,1
DA:6,1
DA:7,1
DA:8,1
DA:9,1
LF:9
LH:9
BRF:0
BRH:0
end_of_record
TN:
SF:app\errors\ApplicationError.js
FN:2,get details
FN:6,toJSON
FNF:2
FNH:0
FNDA:0,get details
FNDA:0,toJSON
DA:1,1
DA:2,1
DA:3,0
DA:4,0
DA:5,1
DA:6,1
DA:7,0
DA:8,0
DA:9,0
DA:10,0
DA:11,0
DA:12,0
DA:13,0
DA:14,0
DA:15,1
DA:16,1
DA:17,1
LF:17
LH:7
BRF:0
BRH:0
end_of_record
TN:
SF:app\errors\CarAlreadyRentedError.js
FN:4,CarAlreadyRentedError
FN:9,get details
FNF:2
FNH:2
FNDA:1,CarAlreadyRentedError
FNDA:1,get details
DA:1,1
DA:2,1
DA:3,1
DA:4,1
DA:5,1
DA:6,1
DA:7,1
DA:8,1
DA:9,1
DA:10,1
DA:11,1
DA:12,1
DA:13,1
DA:14,1
LF:14
LH:14
BRDA:4,0,0,1
BRDA:9,1,0,1
BRF:2
BRH:2
end_of_record
TN:
SF:app\errors\EmailAlreadyTakenError.js
FN:4,EmailAlreadyTakenError
FN:9,get details
FNF:2
FNH:1
FNDA:1,EmailAlreadyTakenError
FNDA:0,get details
DA:1,1
DA:2,1
DA:3,1
DA:4,1
DA:5,1
DA:6,1
DA:7,1
DA:8,1
DA:9,1
DA:10,0
DA:11,0
DA:12,1
DA:13,1
DA:14,1
LF:14
LH:12
BRDA:4,0,0,1
BRF:1
BRH:1
end_of_record
TN:
SF:app\errors\EmailNotRegisteredError.js
FN:4,EmailNotRegisteredError
FN:9,get details
FNF:2
FNH:1
FNDA:1,EmailNotRegisteredError
FNDA:0,get details
DA:1,1
DA:2,1
DA:3,1
DA:4,1
DA:5,1
DA:6,1
DA:7,1
DA:8,1
DA:9,1
DA:10,0
DA:11,0
DA:12,1
DA:13,1
DA:14,1
LF:14
LH:12
BRDA:4,0,0,1
BRF:1
BRH:1
end_of_record
TN:
SF:app\errors\InsufficientAccessError.js
FN:4,InsufficientAccessError
FN:9,get details
FNF:2
FNH:2
FNDA:2,InsufficientAccessError
FNDA:1,get details
DA:1,1
DA:2,1
DA:3,1
DA:4,1
DA:5,2
DA:6,2
DA:7,2
DA:8,1
DA:9,1
DA:10,1
DA:11,1
DA:12,1
DA:13,1
DA:14,1
DA:15,1
DA:16,1
DA:17,1
LF:17
LH:17
BRDA:4,0,0,2
BRDA:9,1,0,1
BRF:2
BRH:2
end_of_record
TN:
SF:app\errors\NotFoundError.js
FN:4,NotFoundError
FN:10,get details
FNF:2
FNH:2
FNDA:2,NotFoundError
FNDA:2,get details
DA:1,1
DA:2,1
DA:3,1
DA:4,1
DA:5,2
DA:6,2
DA:7,2
DA:8,2
DA:9,1
DA:10,1
DA:11,2
DA:12,2
DA:13,2
DA:14,2
DA:15,2
DA:16,1
DA:17,1
DA:18,1
LF:18
LH:18
BRDA:4,0,0,2
BRDA:10,1,0,2
BRF:2
BRH:2
end_of_record
TN:
SF:app\errors\WrongPasswordError.js
FN:4,WrongPasswordError
FNF:1
FNH:1
FNDA:1,WrongPasswordError
DA:1,1
DA:2,1
DA:3,1
DA:4,1
DA:5,1
DA:6,1
DA:7,1
DA:8,1
DA:9,1
LF:9
LH:9
BRDA:4,0,0,1
BRF:1
BRH:1
end_of_record
TN:
SF:app\errors\index.js
FNF:0
FNH:0
DA:1,1
DA:2,1
DA:3,1
DA:4,1
DA:5,1
DA:6,1
DA:7,1
DA:8,1
DA:9,1
DA:10,1
DA:11,1
DA:12,1
DA:13,1
DA:14,1
DA:15,1
LF:15
LH:15
BRF:0
BRH:0
end_of_record
TN:
SF:app\models\car.js
FN:5,Object.<anonymous>.module.exports
FN:12,associate
FNF:2
FNH:2
FNDA:10,Object.<anonymous>.module.exports
FNDA:10,associate
DA:1,1
DA:2,1
DA:3,1
DA:4,1
DA:5,1
DA:6,10
DA:7,10
DA:8,10
DA:9,10
DA:10,10
DA:11,10
DA:12,10
DA:13,10
DA:14,10
DA:15,10
DA:16,10
DA:17,10
DA:18,10
DA:19,10
DA:20,10
DA:21,10
DA:22,10
DA:23,10
DA:24,10
DA:25,10
DA:26,10
DA:27,10
DA:28,10
DA:29,10
DA:30,10
DA:31,10
DA:32,10
DA:33,10
DA:34,10
DA:35,10
DA:36,10
DA:37,10
DA:38,10
DA:39,10
DA:40,10
DA:41,10
DA:42,10
DA:43,10
DA:44,10
LF:44
LH:44
BRDA:5,0,0,10
BRDA:12,1,0,10
BRF:2
BRH:2
end_of_record
TN:
SF:app\models\index.js
FNF:0
FNH:0
DA:1,1
DA:2,1
DA:3,1
DA:4,1
DA:5,1
DA:6,1
DA:7,1
DA:8,1
DA:9,1
DA:10,1
DA:11,1
DA:12,1
DA:13,1
DA:14,1
DA:15,1
DA:16,1
DA:17,1
DA:18,1
DA:19,1
DA:20,1
DA:21,1
DA:22,50
DA:23,50
DA:24,1
DA:25,40
DA:26,40
DA:27,1
DA:28,1
DA:29,1
DA:30,40
DA:31,40
DA:32,40
DA:33,1
DA:34,1
DA:35,1
DA:36,1
DA:37,1
DA:38,1
LF:38
LH:38
BRDA:21,0,0,50
BRDA:22,1,0,40
BRDA:24,2,0,40
BRDA:29,3,0,40
BRF:4
BRH:4
end_of_record
TN:
SF:app\models\role.js
FN:5,Object.<anonymous>.module.exports
FN:12,associate
FNF:2
FNH:2
FNDA:10,Object.<anonymous>.module.exports
FNDA:10,associate
DA:1,1
DA:2,1
DA:3,1
DA:4,1
DA:5,1
DA:6,10
DA:7,10
DA:8,10
DA:9,10
DA:10,10
DA:11,10
DA:12,10
DA:13,10
DA:14,10
DA:15,10
DA:16,10
DA:17,10
DA:18,10
DA:19,10
DA:20,10
DA:21,10
DA:22,10
DA:23,10
LF:23
LH:23
BRDA:5,0,0,10
BRDA:12,1,0,10
BRF:2
BRH:2
end_of_record
TN:
SF:app\models\user.js
FN:5,Object.<anonymous>.module.exports
FN:12,associate
FN:18,toJSON
FNF:3
FNH:2
FNDA:10,Object.<anonymous>.module.exports
FNDA:10,associate
FNDA:0,toJSON
DA:1,1
DA:2,1
DA:3,1
DA:4,1
DA:5,1
DA:6,10
DA:7,10
DA:8,10
DA:9,10
DA:10,10
DA:11,10
DA:12,10
DA:13,10
DA:14,10
DA:15,10
DA:16,10
DA:17,10
DA:18,10
DA:19,0
DA:20,0
DA:21,0
DA:22,0
DA:23,0
DA:24,0
DA:25,0
DA:26,0
DA:27,0
DA:28,10
DA:29,10
DA:30,10
DA:31,10
DA:32,10
DA:33,10
DA:34,10
DA:35,10
DA:36,10
DA:37,10
DA:38,10
DA:39,10
DA:40,10
LF:40
LH:31
BRDA:5,0,0,10
BRDA:12,1,0,10
BRF:2
BRH:2
end_of_record
TN:
SF:app\models\usercar.js
FN:5,Object.<anonymous>.module.exports
FN:12,associate
FNF:2
FNH:2
FNDA:10,Object.<anonymous>.module.exports
FNDA:10,associate
DA:1,1
DA:2,1
DA:3,1
DA:4,1
DA:5,1
DA:6,10
DA:7,10
DA:8,10
DA:9,10
DA:10,10
DA:11,10
DA:12,10
DA:13,10
DA:14,10
DA:15,10
DA:16,10
DA:17,10
DA:18,10
DA:19,10
DA:20,10
DA:21,10
DA:22,10
DA:23,10
DA:24,10
DA:25,10
DA:26,10
DA:27,10
DA:28,10
DA:29,10
DA:30,10
DA:31,10
DA:32,10
LF:32
LH:32
BRDA:5,0,0,10
BRDA:12,1,0,10
BRF:2
BRH:2
end_of_record
TN:
SF:config\application.js
FNF:0
FNH:0
DA:1,1
DA:2,1
DA:3,1
DA:4,1
LF:4
LH:4
BRF:0
BRH:0
end_of_record
TN:
SF:config\database.js
FNF:0
FNH:0
DA:1,1
DA:2,1
DA:3,1
DA:4,1
DA:5,1
DA:6,1
DA:7,1
DA:8,1
DA:9,1
DA:10,1
DA:11,1
DA:12,1
DA:13,1
DA:14,1
DA:15,1
DA:16,1
DA:17,1
DA:18,1
DA:19,1
DA:20,1
DA:21,1
DA:22,1
DA:23,1
DA:24,1
DA:25,1
DA:26,1
DA:27,1
DA:28,1
DA:29,1
DA:30,1
DA:31,1
DA:32,1
DA:33,1
DA:34,1
DA:35,1
DA:36,1
LF:36
LH:36
BRF:0
BRH:0
end_of_record
